
Hello from Docker!
This message shows that your installation appears to be working correctly.

To generate this message, Docker took the following steps:
 1. The Docker client contacted the Docker daemon.
 2. The Docker daemon pulled the "hello-world" image from the Docker Hub.
    (amd64)
 3. The Docker daemon created a new container from that image which runs the
    executable that produces the output you are currently reading.
 4. The Docker daemon streamed that output to the Docker client, which sent it
    to your terminal.

To try something more ambitious, you can run an Ubuntu container with:
 $ docker run -it ubuntu bash

Share images, automate workflows, and more with a free Docker ID:
 https://cloud.docker.com/

For more examples and ideas, visit:
 https://docs.docker.com/engine/userguide/

 ############## TASK ###################

 docker inspect <u_container_id> - вывод информации о контейнере
 docker inspect <u_image_id> - вывод информации о образе

 Разница в том что на базе образа создается контейнер. У контейнера есть слой
 файловый системы который изменяется по отношению к образу. Образ предназначен только для создания контейнеров.

REPOSITORY                  TAG                 IMAGE ID            CREATED             SIZE
isaidahev/ubuntu-tmp-file   latest              cf9e8f4a20e2        2 minutes ago       108MB
reddit                      latest              8f1aa895df1f        2 days ago          682MB
ubuntu                      16.04               0458a4468cbc        2 weeks ago         112MB
tehbilly/htop               latest              692db5793206        4 weeks ago         6.85MB
nginx                       latest              3f8a4339aadd        7 weeks ago         108MB
